<?xml version="1.0" encoding="UTF-8"?>
<!-- Generated by org.testng.reporters.JUnitXMLReporter -->
<testsuite hostname="Yuvaraj" ignored="0" name="Test" tests="1" failures="0" timestamp="02 Mar 2019 02:03:06 GMT" time="0.441" errors="0">
  <testcase name="@BeforeMethod login" time="0.0" classname="wdMethods.ProjectMethods">
    <failure type="org.testng.TestNGException" message="
Parameter &amp;apos;url&amp;apos; is required by BeforeMethod on method login but has not been marked @Optional or defined
in C:\Users\yuvar\Downloads\PatternObjectModel\testng.xml">
      <![CDATA[org.testng.TestNGException: 
Parameter 'url' is required by BeforeMethod on method login but has not been marked @Optional or defined
in C:\Users\yuvar\Downloads\PatternObjectModel\testng.xml
... Removed 25 stack frames]]>
    </failure>
  </testcase> <!-- @BeforeMethod login -->
  <testcase name="@AfterMethod close" time="0.0" classname="wdMethods.ProjectMethods">
    <skipped/>
  </testcase> <!-- @AfterMethod close -->
  <testcase name="createLead" time="0.0" classname="tests.TC001_CreateLead">
    <skipped/>
  </testcase> <!-- createLead -->
</testsuite> <!-- Test -->
